[debug] [2023-06-17T11:34:38.153Z] ----------------------------------------------------------------------
[debug] [2023-06-17T11:34:38.154Z] Command:       /Users/mike/.nvm/versions/node/v18.12.0/bin/node /opt/homebrew/bin/firebase deploy
[debug] [2023-06-17T11:34:38.154Z] CLI Version:   12.3.1
[debug] [2023-06-17T11:34:38.154Z] Platform:      darwin
[debug] [2023-06-17T11:34:38.154Z] Node Version:  v18.12.0
[debug] [2023-06-17T11:34:38.155Z] Time:          Sat Jun 17 2023 18:34:38 GMT+0700 (Indochina Time)
[debug] [2023-06-17T11:34:38.155Z] ----------------------------------------------------------------------
[debug] 
[debug] [2023-06-17T11:34:38.185Z] > command requires scopes: ["email","openid","https://www.googleapis.com/auth/cloudplatformprojects.readonly","https://www.googleapis.com/auth/firebase","https://www.googleapis.com/auth/cloud-platform"]
[debug] [2023-06-17T11:34:38.186Z] > authorizing via signed-in user (jeff@nustechnology.com)
[debug] [2023-06-17T11:34:38.186Z] [iam] checking project pushnotif-da12b for permissions ["cloudfunctions.functions.create","cloudfunctions.functions.delete","cloudfunctions.functions.get","cloudfunctions.functions.list","cloudfunctions.functions.update","cloudfunctions.operations.get","firebase.projects.get"]
[debug] [2023-06-17T11:34:38.187Z] >>> [apiv2][query] POST https://cloudresourcemanager.googleapis.com/v1/projects/pushnotif-da12b:testIamPermissions [none]
[debug] [2023-06-17T11:34:38.187Z] >>> [apiv2][(partial)header] POST https://cloudresourcemanager.googleapis.com/v1/projects/pushnotif-da12b:testIamPermissions x-goog-quota-user=projects/pushnotif-da12b
[debug] [2023-06-17T11:34:38.187Z] >>> [apiv2][body] POST https://cloudresourcemanager.googleapis.com/v1/projects/pushnotif-da12b:testIamPermissions {"permissions":["cloudfunctions.functions.create","cloudfunctions.functions.delete","cloudfunctions.functions.get","cloudfunctions.functions.list","cloudfunctions.functions.update","cloudfunctions.operations.get","firebase.projects.get"]}
[debug] [2023-06-17T11:34:39.276Z] <<< [apiv2][status] POST https://cloudresourcemanager.googleapis.com/v1/projects/pushnotif-da12b:testIamPermissions 200
[debug] [2023-06-17T11:34:39.276Z] <<< [apiv2][body] POST https://cloudresourcemanager.googleapis.com/v1/projects/pushnotif-da12b:testIamPermissions {}
[debug] [2023-06-17T11:34:39.276Z] [iam] error while checking permissions, command may fail: FirebaseError: Authorization failed. This account is missing the following required permissions on project pushnotif-da12b:

  cloudfunctions.functions.create
  cloudfunctions.functions.delete
  cloudfunctions.functions.get
  cloudfunctions.functions.list
  cloudfunctions.functions.update
  cloudfunctions.operations.get
  firebase.projects.get
[debug] [2023-06-17T11:34:39.277Z] >>> [apiv2][query] POST https://iam.googleapis.com/v1/projects/pushnotif-da12b/serviceAccounts/pushnotif-da12b@appspot.gserviceaccount.com:testIamPermissions [none]
[debug] [2023-06-17T11:34:39.277Z] >>> [apiv2][body] POST https://iam.googleapis.com/v1/projects/pushnotif-da12b/serviceAccounts/pushnotif-da12b@appspot.gserviceaccount.com:testIamPermissions {"permissions":["iam.serviceAccounts.actAs"]}
[debug] [2023-06-17T11:34:39.844Z] <<< [apiv2][status] POST https://iam.googleapis.com/v1/projects/pushnotif-da12b/serviceAccounts/pushnotif-da12b@appspot.gserviceaccount.com:testIamPermissions 200
[debug] [2023-06-17T11:34:39.844Z] <<< [apiv2][body] POST https://iam.googleapis.com/v1/projects/pushnotif-da12b/serviceAccounts/pushnotif-da12b@appspot.gserviceaccount.com:testIamPermissions {"permissions":["iam.serviceAccounts.actAs"]}
[info] 
[info] === Deploying to 'pushnotif-da12b'...
[info] 
[info] i  deploying functions 
[info] Running command: npm --prefix "$RESOURCE_DIR" run lint
[info] Running command: npm --prefix "$RESOURCE_DIR" run build
[info] ✔  functions: Finished running predeploy script. 
[debug] [2023-06-17T11:34:45.460Z] >>> [apiv2][query] GET https://firebase.googleapis.com/v1beta1/projects/pushnotif-da12b [none]
[debug] [2023-06-17T11:34:45.821Z] <<< [apiv2][status] GET https://firebase.googleapis.com/v1beta1/projects/pushnotif-da12b 403
[debug] [2023-06-17T11:34:45.821Z] <<< [apiv2][body] GET https://firebase.googleapis.com/v1beta1/projects/pushnotif-da12b {"error":{"code":403,"message":"The caller does not have permission","status":"PERMISSION_DENIED"}}
[debug] [2023-06-17T11:34:45.822Z] HTTP Error: 403, The caller does not have permission
[debug] [2023-06-17T11:34:46.021Z] FirebaseError: HTTP Error: 403, The caller does not have permission
    at responseToError (/Users/mike/.config/yarn/global/node_modules/firebase-tools/lib/responseToError.js:49:12)
    at RetryOperation._fn (/Users/mike/.config/yarn/global/node_modules/firebase-tools/lib/apiv2.js:288:77)
    at process.processTicksAndRejections (node:internal/process/task_queues:95:5)
[error] 
[error] Error: Failed to get Firebase project pushnotif-da12b. Please make sure the project exists and your account has permission to access it.
[debug] [2023-06-18T00:03:52.253Z] ----------------------------------------------------------------------
[debug] [2023-06-18T00:03:52.254Z] Command:       /Users/mike/.nvm/versions/node/v18.12.0/bin/node /opt/homebrew/bin/firebase deploy
[debug] [2023-06-18T00:03:52.254Z] CLI Version:   12.3.1
[debug] [2023-06-18T00:03:52.255Z] Platform:      darwin
[debug] [2023-06-18T00:03:52.255Z] Node Version:  v18.12.0
[debug] [2023-06-18T00:03:52.255Z] Time:          Sun Jun 18 2023 07:03:52 GMT+0700 (Indochina Time)
[debug] [2023-06-18T00:03:52.255Z] ----------------------------------------------------------------------
[debug] 
[debug] [2023-06-18T00:03:52.289Z] > command requires scopes: ["email","openid","https://www.googleapis.com/auth/cloudplatformprojects.readonly","https://www.googleapis.com/auth/firebase","https://www.googleapis.com/auth/cloud-platform"]
[debug] [2023-06-18T00:03:52.290Z] > authorizing via signed-in user (jeff@nustechnology.com)
[debug] [2023-06-18T00:03:52.290Z] [iam] checking project pushnotif-da12b for permissions ["cloudfunctions.functions.create","cloudfunctions.functions.delete","cloudfunctions.functions.get","cloudfunctions.functions.list","cloudfunctions.functions.update","cloudfunctions.operations.get","firebase.projects.get"]
[debug] [2023-06-18T00:03:52.290Z] > refreshing access token with scopes: []
[debug] [2023-06-18T00:03:52.291Z] >>> [apiv2][query] POST https://www.googleapis.com/oauth2/v3/token [none]
[debug] [2023-06-18T00:03:52.291Z] >>> [apiv2][body] POST https://www.googleapis.com/oauth2/v3/token [omitted]
[debug] [2023-06-18T00:03:52.473Z] <<< [apiv2][status] POST https://www.googleapis.com/oauth2/v3/token 200
[debug] [2023-06-18T00:03:52.474Z] <<< [apiv2][body] POST https://www.googleapis.com/oauth2/v3/token [omitted]
[debug] [2023-06-18T00:03:52.487Z] >>> [apiv2][query] POST https://cloudresourcemanager.googleapis.com/v1/projects/pushnotif-da12b:testIamPermissions [none]
[debug] [2023-06-18T00:03:52.487Z] >>> [apiv2][(partial)header] POST https://cloudresourcemanager.googleapis.com/v1/projects/pushnotif-da12b:testIamPermissions x-goog-quota-user=projects/pushnotif-da12b
[debug] [2023-06-18T00:03:52.487Z] >>> [apiv2][body] POST https://cloudresourcemanager.googleapis.com/v1/projects/pushnotif-da12b:testIamPermissions {"permissions":["cloudfunctions.functions.create","cloudfunctions.functions.delete","cloudfunctions.functions.get","cloudfunctions.functions.list","cloudfunctions.functions.update","cloudfunctions.operations.get","firebase.projects.get"]}
[debug] [2023-06-18T00:03:53.554Z] <<< [apiv2][status] POST https://cloudresourcemanager.googleapis.com/v1/projects/pushnotif-da12b:testIamPermissions 200
[debug] [2023-06-18T00:03:53.555Z] <<< [apiv2][body] POST https://cloudresourcemanager.googleapis.com/v1/projects/pushnotif-da12b:testIamPermissions {}
[debug] [2023-06-18T00:03:53.555Z] [iam] error while checking permissions, command may fail: FirebaseError: Authorization failed. This account is missing the following required permissions on project pushnotif-da12b:

  cloudfunctions.functions.create
  cloudfunctions.functions.delete
  cloudfunctions.functions.get
  cloudfunctions.functions.list
  cloudfunctions.functions.update
  cloudfunctions.operations.get
  firebase.projects.get
[debug] [2023-06-18T00:03:53.556Z] >>> [apiv2][query] POST https://iam.googleapis.com/v1/projects/pushnotif-da12b/serviceAccounts/pushnotif-da12b@appspot.gserviceaccount.com:testIamPermissions [none]
[debug] [2023-06-18T00:03:53.556Z] >>> [apiv2][body] POST https://iam.googleapis.com/v1/projects/pushnotif-da12b/serviceAccounts/pushnotif-da12b@appspot.gserviceaccount.com:testIamPermissions {"permissions":["iam.serviceAccounts.actAs"]}
[debug] [2023-06-18T00:03:54.560Z] <<< [apiv2][status] POST https://iam.googleapis.com/v1/projects/pushnotif-da12b/serviceAccounts/pushnotif-da12b@appspot.gserviceaccount.com:testIamPermissions 200
[debug] [2023-06-18T00:03:54.560Z] <<< [apiv2][body] POST https://iam.googleapis.com/v1/projects/pushnotif-da12b/serviceAccounts/pushnotif-da12b@appspot.gserviceaccount.com:testIamPermissions {"permissions":["iam.serviceAccounts.actAs"]}
[info] 
[info] === Deploying to 'pushnotif-da12b'...
[info] 
[info] i  deploying functions 
[info] Running command: npm --prefix "$RESOURCE_DIR" run lint
[info] Running command: npm --prefix "$RESOURCE_DIR" run build
[info] ✔  functions: Finished running predeploy script. 
[debug] [2023-06-18T00:04:00.304Z] >>> [apiv2][query] GET https://firebase.googleapis.com/v1beta1/projects/pushnotif-da12b [none]
[debug] [2023-06-18T00:04:00.712Z] <<< [apiv2][status] GET https://firebase.googleapis.com/v1beta1/projects/pushnotif-da12b 403
[debug] [2023-06-18T00:04:00.712Z] <<< [apiv2][body] GET https://firebase.googleapis.com/v1beta1/projects/pushnotif-da12b {"error":{"code":403,"message":"The caller does not have permission","status":"PERMISSION_DENIED"}}
[debug] [2023-06-18T00:04:00.714Z] HTTP Error: 403, The caller does not have permission
[debug] [2023-06-18T00:04:00.862Z] FirebaseError: HTTP Error: 403, The caller does not have permission
    at responseToError (/Users/mike/.config/yarn/global/node_modules/firebase-tools/lib/responseToError.js:49:12)
    at RetryOperation._fn (/Users/mike/.config/yarn/global/node_modules/firebase-tools/lib/apiv2.js:288:77)
    at process.processTicksAndRejections (node:internal/process/task_queues:95:5)
[error] 
[error] Error: Failed to get Firebase project pushnotif-da12b. Please make sure the project exists and your account has permission to access it.
[debug] [2023-06-18T00:38:44.244Z] ----------------------------------------------------------------------
[debug] [2023-06-18T00:38:44.245Z] Command:       /Users/mike/.nvm/versions/node/v18.12.0/bin/node /opt/homebrew/bin/firebase deploy
[debug] [2023-06-18T00:38:44.245Z] CLI Version:   12.3.1
[debug] [2023-06-18T00:38:44.245Z] Platform:      darwin
[debug] [2023-06-18T00:38:44.245Z] Node Version:  v18.12.0
[debug] [2023-06-18T00:38:44.246Z] Time:          Sun Jun 18 2023 07:38:44 GMT+0700 (Indochina Time)
[debug] [2023-06-18T00:38:44.246Z] ----------------------------------------------------------------------
[debug] 
[debug] [2023-06-18T00:38:44.278Z] > command requires scopes: ["email","openid","https://www.googleapis.com/auth/cloudplatformprojects.readonly","https://www.googleapis.com/auth/firebase","https://www.googleapis.com/auth/cloud-platform"]
[debug] [2023-06-18T00:38:44.278Z] > authorizing via signed-in user (jeff@nustechnology.com)
[debug] [2023-06-18T00:38:44.278Z] [iam] checking project pushnotif-da12b for permissions ["cloudfunctions.functions.create","cloudfunctions.functions.delete","cloudfunctions.functions.get","cloudfunctions.functions.list","cloudfunctions.functions.update","cloudfunctions.operations.get","firebase.projects.get"]
[debug] [2023-06-18T00:38:44.279Z] >>> [apiv2][query] POST https://cloudresourcemanager.googleapis.com/v1/projects/pushnotif-da12b:testIamPermissions [none]
[debug] [2023-06-18T00:38:44.279Z] >>> [apiv2][(partial)header] POST https://cloudresourcemanager.googleapis.com/v1/projects/pushnotif-da12b:testIamPermissions x-goog-quota-user=projects/pushnotif-da12b
[debug] [2023-06-18T00:38:44.280Z] >>> [apiv2][body] POST https://cloudresourcemanager.googleapis.com/v1/projects/pushnotif-da12b:testIamPermissions {"permissions":["cloudfunctions.functions.create","cloudfunctions.functions.delete","cloudfunctions.functions.get","cloudfunctions.functions.list","cloudfunctions.functions.update","cloudfunctions.operations.get","firebase.projects.get"]}
[debug] [2023-06-18T00:38:45.391Z] <<< [apiv2][status] POST https://cloudresourcemanager.googleapis.com/v1/projects/pushnotif-da12b:testIamPermissions 200
[debug] [2023-06-18T00:38:45.391Z] <<< [apiv2][body] POST https://cloudresourcemanager.googleapis.com/v1/projects/pushnotif-da12b:testIamPermissions {}
[debug] [2023-06-18T00:38:45.391Z] [iam] error while checking permissions, command may fail: FirebaseError: Authorization failed. This account is missing the following required permissions on project pushnotif-da12b:

  cloudfunctions.functions.create
  cloudfunctions.functions.delete
  cloudfunctions.functions.get
  cloudfunctions.functions.list
  cloudfunctions.functions.update
  cloudfunctions.operations.get
  firebase.projects.get
[debug] [2023-06-18T00:38:45.391Z] >>> [apiv2][query] POST https://iam.googleapis.com/v1/projects/pushnotif-da12b/serviceAccounts/pushnotif-da12b@appspot.gserviceaccount.com:testIamPermissions [none]
[debug] [2023-06-18T00:38:45.391Z] >>> [apiv2][body] POST https://iam.googleapis.com/v1/projects/pushnotif-da12b/serviceAccounts/pushnotif-da12b@appspot.gserviceaccount.com:testIamPermissions {"permissions":["iam.serviceAccounts.actAs"]}
[debug] [2023-06-18T00:38:46.634Z] <<< [apiv2][status] POST https://iam.googleapis.com/v1/projects/pushnotif-da12b/serviceAccounts/pushnotif-da12b@appspot.gserviceaccount.com:testIamPermissions 200
[debug] [2023-06-18T00:38:46.634Z] <<< [apiv2][body] POST https://iam.googleapis.com/v1/projects/pushnotif-da12b/serviceAccounts/pushnotif-da12b@appspot.gserviceaccount.com:testIamPermissions {"permissions":["iam.serviceAccounts.actAs"]}
[info] 
[info] === Deploying to 'pushnotif-da12b'...
[info] 
[info] i  deploying functions 
[info] Running command: npm --prefix "$RESOURCE_DIR" run lint
[info] Running command: npm --prefix "$RESOURCE_DIR" run build
[info] ✔  functions: Finished running predeploy script. 
[debug] [2023-06-18T00:38:52.263Z] >>> [apiv2][query] GET https://firebase.googleapis.com/v1beta1/projects/pushnotif-da12b [none]
[debug] [2023-06-18T00:38:52.645Z] <<< [apiv2][status] GET https://firebase.googleapis.com/v1beta1/projects/pushnotif-da12b 403
[debug] [2023-06-18T00:38:52.646Z] <<< [apiv2][body] GET https://firebase.googleapis.com/v1beta1/projects/pushnotif-da12b {"error":{"code":403,"message":"The caller does not have permission","status":"PERMISSION_DENIED"}}
[debug] [2023-06-18T00:38:52.647Z] HTTP Error: 403, The caller does not have permission
[debug] [2023-06-18T00:38:52.799Z] FirebaseError: HTTP Error: 403, The caller does not have permission
    at responseToError (/Users/mike/.config/yarn/global/node_modules/firebase-tools/lib/responseToError.js:49:12)
    at RetryOperation._fn (/Users/mike/.config/yarn/global/node_modules/firebase-tools/lib/apiv2.js:288:77)
    at process.processTicksAndRejections (node:internal/process/task_queues:95:5)
[error] 
[error] Error: Failed to get Firebase project pushnotif-da12b. Please make sure the project exists and your account has permission to access it.
[debug] [2023-06-18T00:39:07.257Z] ----------------------------------------------------------------------
[debug] [2023-06-18T00:39:07.258Z] Command:       /Users/mike/.nvm/versions/node/v18.12.0/bin/node /opt/homebrew/bin/firebase deploy
[debug] [2023-06-18T00:39:07.259Z] CLI Version:   12.3.1
[debug] [2023-06-18T00:39:07.259Z] Platform:      darwin
[debug] [2023-06-18T00:39:07.259Z] Node Version:  v18.12.0
[debug] [2023-06-18T00:39:07.260Z] Time:          Sun Jun 18 2023 07:39:07 GMT+0700 (Indochina Time)
[debug] [2023-06-18T00:39:07.260Z] ----------------------------------------------------------------------
[debug] 
[debug] [2023-06-18T00:39:07.291Z] > command requires scopes: ["email","openid","https://www.googleapis.com/auth/cloudplatformprojects.readonly","https://www.googleapis.com/auth/firebase","https://www.googleapis.com/auth/cloud-platform"]
[debug] [2023-06-18T00:39:07.291Z] > authorizing via signed-in user (jeff@nustechnology.com)
[debug] [2023-06-18T00:39:07.291Z] [iam] checking project pushnotif-da12b for permissions ["cloudfunctions.functions.create","cloudfunctions.functions.delete","cloudfunctions.functions.get","cloudfunctions.functions.list","cloudfunctions.functions.update","cloudfunctions.operations.get","firebase.projects.get"]
[debug] [2023-06-18T00:39:07.292Z] >>> [apiv2][query] POST https://cloudresourcemanager.googleapis.com/v1/projects/pushnotif-da12b:testIamPermissions [none]
[debug] [2023-06-18T00:39:07.292Z] >>> [apiv2][(partial)header] POST https://cloudresourcemanager.googleapis.com/v1/projects/pushnotif-da12b:testIamPermissions x-goog-quota-user=projects/pushnotif-da12b
[debug] [2023-06-18T00:39:07.292Z] >>> [apiv2][body] POST https://cloudresourcemanager.googleapis.com/v1/projects/pushnotif-da12b:testIamPermissions {"permissions":["cloudfunctions.functions.create","cloudfunctions.functions.delete","cloudfunctions.functions.get","cloudfunctions.functions.list","cloudfunctions.functions.update","cloudfunctions.operations.get","firebase.projects.get"]}
[debug] [2023-06-18T00:39:08.385Z] <<< [apiv2][status] POST https://cloudresourcemanager.googleapis.com/v1/projects/pushnotif-da12b:testIamPermissions 200
[debug] [2023-06-18T00:39:08.386Z] <<< [apiv2][body] POST https://cloudresourcemanager.googleapis.com/v1/projects/pushnotif-da12b:testIamPermissions {}
[debug] [2023-06-18T00:39:08.386Z] [iam] error while checking permissions, command may fail: FirebaseError: Authorization failed. This account is missing the following required permissions on project pushnotif-da12b:

  cloudfunctions.functions.create
  cloudfunctions.functions.delete
  cloudfunctions.functions.get
  cloudfunctions.functions.list
  cloudfunctions.functions.update
  cloudfunctions.operations.get
  firebase.projects.get
[debug] [2023-06-18T00:39:08.386Z] >>> [apiv2][query] POST https://iam.googleapis.com/v1/projects/pushnotif-da12b/serviceAccounts/pushnotif-da12b@appspot.gserviceaccount.com:testIamPermissions [none]
[debug] [2023-06-18T00:39:08.386Z] >>> [apiv2][body] POST https://iam.googleapis.com/v1/projects/pushnotif-da12b/serviceAccounts/pushnotif-da12b@appspot.gserviceaccount.com:testIamPermissions {"permissions":["iam.serviceAccounts.actAs"]}
[debug] [2023-06-18T00:39:09.337Z] <<< [apiv2][status] POST https://iam.googleapis.com/v1/projects/pushnotif-da12b/serviceAccounts/pushnotif-da12b@appspot.gserviceaccount.com:testIamPermissions 200
[debug] [2023-06-18T00:39:09.337Z] <<< [apiv2][body] POST https://iam.googleapis.com/v1/projects/pushnotif-da12b/serviceAccounts/pushnotif-da12b@appspot.gserviceaccount.com:testIamPermissions {"permissions":["iam.serviceAccounts.actAs"]}
[info] 
[info] === Deploying to 'pushnotif-da12b'...
[info] 
[info] i  deploying functions 
[info] Running command: npm --prefix "$RESOURCE_DIR" run lint
[info] Running command: npm --prefix "$RESOURCE_DIR" run build
[info] ✔  functions: Finished running predeploy script. 
[debug] [2023-06-18T00:39:15.005Z] >>> [apiv2][query] GET https://firebase.googleapis.com/v1beta1/projects/pushnotif-da12b [none]
[debug] [2023-06-18T00:39:15.347Z] <<< [apiv2][status] GET https://firebase.googleapis.com/v1beta1/projects/pushnotif-da12b 403
[debug] [2023-06-18T00:39:15.347Z] <<< [apiv2][body] GET https://firebase.googleapis.com/v1beta1/projects/pushnotif-da12b {"error":{"code":403,"message":"The caller does not have permission","status":"PERMISSION_DENIED"}}
[debug] [2023-06-18T00:39:15.347Z] HTTP Error: 403, The caller does not have permission
[debug] [2023-06-18T00:39:15.502Z] FirebaseError: HTTP Error: 403, The caller does not have permission
    at responseToError (/Users/mike/.config/yarn/global/node_modules/firebase-tools/lib/responseToError.js:49:12)
    at RetryOperation._fn (/Users/mike/.config/yarn/global/node_modules/firebase-tools/lib/apiv2.js:288:77)
    at process.processTicksAndRejections (node:internal/process/task_queues:95:5)
[error] 
[error] Error: Failed to get Firebase project pushnotif-da12b. Please make sure the project exists and your account has permission to access it.
